<?xml version="1.0" encoding="UTF-8" ?>

<testsuite failures="0" time="0.409" errors="0" skipped="0" tests="1" name="ModelsTests">
  <testcase classname="ModelsTests" name="listCurrenciesFromExternalAPI" time="0.409">
      </testcase>
</testsuite>
